<?xml version="1.0" encoding="UTF-8"?>
<testsuite xmlns:xsi="http://www.w3.org/2001/XMLSchema-instance" xsi:noNamespaceSchemaLocation="https://maven.apache.org/surefire/maven-surefire-plugin/xsd/surefire-test-report-3.0.xsd" version="3.0" name="LinkedListTest" time="0.379" tests="76" errors="0" skipped="0" failures="0">
  <properties>
    <property name="java.specification.version" value="18"/>
    <property name="sun.cpu.isalist" value="amd64"/>
    <property name="sun.jnu.encoding" value="Cp1252"/>
    <property name="java.class.path" value="C:\Users\manis\OneDrive\Documents\Projects\GMU\SWE_637\Assignment4\demo\target\test-classes;C:\Users\manis\OneDrive\Documents\Projects\GMU\SWE_637\Assignment4\demo\target\classes;C:\Users\manis\.m2\repository\org\junit\jupiter\junit-jupiter\5.10.0\junit-jupiter-5.10.0.jar;C:\Users\manis\.m2\repository\org\junit\jupiter\junit-jupiter-api\5.10.0\junit-jupiter-api-5.10.0.jar;C:\Users\manis\.m2\repository\org\opentest4j\opentest4j\1.3.0\opentest4j-1.3.0.jar;C:\Users\manis\.m2\repository\org\junit\platform\junit-platform-commons\1.10.0\junit-platform-commons-1.10.0.jar;C:\Users\manis\.m2\repository\org\apiguardian\apiguardian-api\1.1.2\apiguardian-api-1.1.2.jar;C:\Users\manis\.m2\repository\org\junit\jupiter\junit-jupiter-params\5.10.0\junit-jupiter-params-5.10.0.jar;C:\Users\manis\.m2\repository\org\junit\jupiter\junit-jupiter-engine\5.10.0\junit-jupiter-engine-5.10.0.jar;C:\Users\manis\.m2\repository\org\junit\platform\junit-platform-engine\1.10.0\junit-platform-engine-1.10.0.jar;"/>
    <property name="java.vm.vendor" value="Oracle Corporation"/>
    <property name="sun.arch.data.model" value="64"/>
    <property name="user.variant" value=""/>
    <property name="java.vendor.url" value="https://java.oracle.com/"/>
    <property name="user.timezone" value="America/New_York"/>
    <property name="os.name" value="Windows 11"/>
    <property name="java.vm.specification.version" value="18"/>
    <property name="sun.java.launcher" value="SUN_STANDARD"/>
    <property name="user.country" value="US"/>
    <property name="sun.boot.library.path" value="C:\Program Files\Java\jdk-18.0.2.1\bin"/>
    <property name="sun.java.command" value="C:\Users\manis\AppData\Local\Temp\surefire15718381365441630583\surefirebooter-20241020151909099_3.jar C:\Users\manis\AppData\Local\Temp\surefire15718381365441630583 2024-10-20T15-19-08_817-jvmRun1 surefire-20241020151909099_1tmp surefire_0-20241020151909099_2tmp"/>
    <property name="jdk.debug" value="release"/>
    <property name="surefire.test.class.path" value="C:\Users\manis\OneDrive\Documents\Projects\GMU\SWE_637\Assignment4\demo\target\test-classes;C:\Users\manis\OneDrive\Documents\Projects\GMU\SWE_637\Assignment4\demo\target\classes;C:\Users\manis\.m2\repository\org\junit\jupiter\junit-jupiter\5.10.0\junit-jupiter-5.10.0.jar;C:\Users\manis\.m2\repository\org\junit\jupiter\junit-jupiter-api\5.10.0\junit-jupiter-api-5.10.0.jar;C:\Users\manis\.m2\repository\org\opentest4j\opentest4j\1.3.0\opentest4j-1.3.0.jar;C:\Users\manis\.m2\repository\org\junit\platform\junit-platform-commons\1.10.0\junit-platform-commons-1.10.0.jar;C:\Users\manis\.m2\repository\org\apiguardian\apiguardian-api\1.1.2\apiguardian-api-1.1.2.jar;C:\Users\manis\.m2\repository\org\junit\jupiter\junit-jupiter-params\5.10.0\junit-jupiter-params-5.10.0.jar;C:\Users\manis\.m2\repository\org\junit\jupiter\junit-jupiter-engine\5.10.0\junit-jupiter-engine-5.10.0.jar;C:\Users\manis\.m2\repository\org\junit\platform\junit-platform-engine\1.10.0\junit-platform-engine-1.10.0.jar;"/>
    <property name="sun.cpu.endian" value="little"/>
    <property name="user.home" value="C:\Users\manis"/>
    <property name="user.language" value="en"/>
    <property name="java.specification.vendor" value="Oracle Corporation"/>
    <property name="java.version.date" value="2022-08-18"/>
    <property name="java.home" value="C:\Program Files\Java\jdk-18.0.2.1"/>
    <property name="file.separator" value="\"/>
    <property name="basedir" value="C:\Users\manis\OneDrive\Documents\Projects\GMU\SWE_637\Assignment4\demo"/>
    <property name="java.vm.compressedOopsMode" value="Zero based"/>
    <property name="line.separator" value="&#10;"/>
    <property name="java.vm.specification.vendor" value="Oracle Corporation"/>
    <property name="java.specification.name" value="Java Platform API Specification"/>
    <property name="surefire.real.class.path" value="C:\Users\manis\AppData\Local\Temp\surefire15718381365441630583\surefirebooter-20241020151909099_3.jar"/>
    <property name="user.script" value=""/>
    <property name="sun.management.compiler" value="HotSpot 64-Bit Tiered Compilers"/>
    <property name="java.runtime.version" value="18.0.2.1+1-1"/>
    <property name="user.name" value="manis"/>
    <property name="path.separator" value=";"/>
    <property name="os.version" value="10.0"/>
    <property name="java.runtime.name" value="Java(TM) SE Runtime Environment"/>
    <property name="file.encoding" value="UTF-8"/>
    <property name="java.vm.name" value="Java HotSpot(TM) 64-Bit Server VM"/>
    <property name="localRepository" value="C:\Users\manis\.m2\repository"/>
    <property name="java.vendor.url.bug" value="https://bugreport.java.com/bugreport/"/>
    <property name="java.io.tmpdir" value="C:\Users\manis\AppData\Local\Temp\"/>
    <property name="java.version" value="18.0.2.1"/>
    <property name="user.dir" value="C:\Users\manis\OneDrive\Documents\Projects\GMU\SWE_637\Assignment4\demo"/>
    <property name="os.arch" value="amd64"/>
    <property name="java.vm.specification.name" value="Java Virtual Machine Specification"/>
    <property name="sun.os.patch.level" value=""/>
    <property name="native.encoding" value="Cp1252"/>
    <property name="java.library.path" value="C:\Program Files\Java\jdk-18.0.2.1\bin;C:\WINDOWS\Sun\Java\bin;C:\WINDOWS\system32;C:\WINDOWS;C:\Users\manis\anaconda3\condabin;C:\Program Files\Common Files\Oracle\Java\javapath;C:\WINDOWS\system32;C:\WINDOWS;C:\WINDOWS\System32\Wbem;C:\WINDOWS\System32\WindowsPowerShell\v1.0\;C:\WINDOWS\System32\OpenSSH\;C:\Program Files\Git\cmd;C:\Program Files\Java\jdk-18.0.2.1\bin;C:\Program Files\nodejs\;C:\Program Files\Cloudflare\Cloudflare WARP\;C:\Users\manis\anaconda3\Scripts;C:\Program Files\PuTTY\;C:\sqlite3;C:\Program Files\MySQL\MySQL Server 8.0\bin;C:\Users\manis\AppData\Local\Programs\Python\Python312\Scripts\;C:\Users\manis\AppData\Local\Programs\Python\Python312\;C:\Users\manis\AppData\Local\Programs\Python\Launcher\;C:\Users\manis\AppData\Local\Microsoft\WindowsApps;C:\Users\manis\AppData\Local\Programs\Microsoft VS Code\bin;C:\Users\manis\AppData\Roaming\npm;C:\Program Files\apache-maven\apache-maven-3.9.4\bin;C:\Users\manis\AppData\Local\Programs\mongosh\;."/>
    <property name="java.vm.info" value="mixed mode, sharing"/>
    <property name="java.vendor" value="Oracle Corporation"/>
    <property name="java.vm.version" value="18.0.2.1+1-1"/>
    <property name="sun.io.unicode.encoding" value="UnicodeLittle"/>
    <property name="java.class.version" value="62.0"/>
  </properties>
  <testcase name="testAddLastToEmptyList" classname="LinkedListTest" time="0.101"/>
  <testcase name="testIndexOfWithNullElements" classname="LinkedListTest" time="0.004"/>
  <testcase name="testPeekFirstAndLast" classname="LinkedListTest" time="0.003"/>
  <testcase name="testElement" classname="LinkedListTest" time="0.0"/>
  <testcase name="testAddAllWithNegativeIndex" classname="LinkedListTest" time="0.007"/>
  <testcase name="testToArrayWithArgument" classname="LinkedListTest" time="0.008"/>
  <testcase name="testRemoveAtIndex" classname="LinkedListTest" time="0.002"/>
  <testcase name="testAddAllAtIndex" classname="LinkedListTest" time="0.003"/>
  <testcase name="testOfferLast" classname="LinkedListTest" time="0.004"/>
  <testcase name="testToArray" classname="LinkedListTest" time="0.002"/>
  <testcase name="testAddLast" classname="LinkedListTest" time="0.0"/>
  <testcase name="testSetOnSingleElementList" classname="LinkedListTest" time="0.004"/>
  <testcase name="testLastIndexOfForNonExistentNullElement" classname="LinkedListTest" time="0.0"/>
  <testcase name="testRemoveWithNoArguments" classname="LinkedListTest" time="0.003"/>
  <testcase name="testAddAllAtInvalidIndex" classname="LinkedListTest" time="0.001"/>
  <testcase name="testPop" classname="LinkedListTest" time="0.001"/>
  <testcase name="testSet" classname="LinkedListTest" time="0.002"/>
  <testcase name="testEntryMethodWithLargeList" classname="LinkedListTest" time="0.009"/>
  <testcase name="testToArrayWithLargerArgument" classname="LinkedListTest" time="0.002"/>
  <testcase name="testGetLastEmpty" classname="LinkedListTest" time="0.0"/>
  <testcase name="testAddAllWithIndexAtBeginning" classname="LinkedListTest" time="0.002"/>
  <testcase name="testClear" classname="LinkedListTest" time="0.002"/>
  <testcase name="testOffer" classname="LinkedListTest" time="0.0"/>
  <testcase name="testAddFirstAndGetFirst" classname="LinkedListTest" time="0.004"/>
  <testcase name="testPeek" classname="LinkedListTest" time="0.001"/>
  <testcase name="testPoll" classname="LinkedListTest" time="0.0"/>
  <testcase name="testPush" classname="LinkedListTest" time="0.0"/>
  <testcase name="testLastIndexOf" classname="LinkedListTest" time="0.0"/>
  <testcase name="testRemoveWithNullElement" classname="LinkedListTest" time="0.0"/>
  <testcase name="testRemoveFirst" classname="LinkedListTest" time="0.0"/>
  <testcase name="testToArrayWithLargerTypedArray" classname="LinkedListTest" time="0.0"/>
  <testcase name="testAddAtInvalidIndex" classname="LinkedListTest" time="0.0"/>
  <testcase name="testAddAllWithLargeList" classname="LinkedListTest" time="0.0"/>
  <testcase name="testOfferFirst" classname="LinkedListTest" time="0.0"/>
  <testcase name="testAddFirst" classname="LinkedListTest" time="0.0"/>
  <testcase name="testRemoveWithNullElements" classname="LinkedListTest" time="0.0"/>
  <testcase name="testIndexOfWithNullElement" classname="LinkedListTest" time="0.006"/>
  <testcase name="testPollForEmptyList" classname="LinkedListTest" time="0.001"/>
  <testcase name="testAddAllWithIndex" classname="LinkedListTest" time="0.0"/>
  <testcase name="testRemoveLastEmpty" classname="LinkedListTest" time="0.0"/>
  <testcase name="testRemoveFirstEmpty" classname="LinkedListTest" time="0.0"/>
  <testcase name="testConstructorAndSize" classname="LinkedListTest" time="0.0"/>
  <testcase name="testAddAllWithEmptySourceList" classname="LinkedListTest" time="0.002"/>
  <testcase name="testSetWithInvalidIndex" classname="LinkedListTest" time="0.0"/>
  <testcase name="testAddAllAtEnd" classname="LinkedListTest" time="0.0"/>
  <testcase name="testAddAllEmpty" classname="LinkedListTest" time="0.001"/>
  <testcase name="testClearAndSize" classname="LinkedListTest" time="0.0"/>
  <testcase name="testContains" classname="LinkedListTest" time="0.0"/>
  <testcase name="testAddAndGet" classname="LinkedListTest" time="0.0"/>
  <testcase name="testRemoveLast" classname="LinkedListTest" time="0.003"/>
  <testcase name="testRemoveNull" classname="LinkedListTest" time="0.0"/>
  <testcase name="testAddAtIndex" classname="LinkedListTest" time="0.0"/>
  <testcase name="testRemoveForNotExistentNullElement" classname="LinkedListTest" time="0.0"/>
  <testcase name="testPollFirstAndLast" classname="LinkedListTest" time="0.006"/>
  <testcase name="testSetAtBeginningAndEnd" classname="LinkedListTest" time="0.0"/>
  <testcase name="testSetWithValidIndexes" classname="LinkedListTest" time="0.0"/>
  <testcase name="testPopEmptyList" classname="LinkedListTest" time="0.009"/>
  <testcase name="testRemoveFirstOccurrence" classname="LinkedListTest" time="0.0"/>
  <testcase name="testRemoveLastOccurrence" classname="LinkedListTest" time="0.0"/>
  <testcase name="testAddAll" classname="LinkedListTest" time="0.0"/>
  <testcase name="testPeekForEmptyList" classname="LinkedListTest" time="0.0"/>
  <testcase name="testAddAllWithIndexAtEnd" classname="LinkedListTest" time="0.0"/>
  <testcase name="testAddLastAndGetLast" classname="LinkedListTest" time="0.0"/>
  <testcase name="testLastIndexOfWithNullElement" classname="LinkedListTest" time="0.009"/>
  <testcase name="testGetFirstEmpty" classname="LinkedListTest" time="0.0"/>
  <testcase name="testConstructorWithCollection" classname="LinkedListTest" time="0.003"/>
  <testcase name="testAddAllWithEmptyList" classname="LinkedListTest" time="0.002"/>
  <testcase name="testToArrayWithSmallerArgument" classname="LinkedListTest" time="0.002"/>
  <testcase name="testIndexOf" classname="LinkedListTest" time="0.0"/>
  <testcase name="testRemoveLastOccurrenceForNullObject" classname="LinkedListTest" time="0.0"/>
  <testcase name="testEntryWithNegativeIndex" classname="LinkedListTest" time="0.0"/>
  <testcase name="testRemove" classname="LinkedListTest" time="0.0"/>
  <testcase name="testAddAllAtIndexWithEmptyList" classname="LinkedListTest" time="0.009"/>
  <testcase name="testRemoveFromMiddle" classname="LinkedListTest" time="0.0"/>
  <testcase name="testAddFirstToEmptyList" classname="LinkedListTest" time="0.0"/>
  <testcase name="testRemoveOnSingleElementList" classname="LinkedListTest" time="0.0"/>
</testsuite>